<?xml version="1.0" encoding="UTF-8"?>
<!-- Generated by org.testng.reporters.JUnitXMLReporter -->
<testsuite ignored="10" hostname="LAPTOP-KI9HM9P0" failures="1" tests="21" name="Chrome Browser Test" time="106.89" errors="0" timestamp="19 May 2022 13:02:55 GMT">
  <testcase classname="executeClass.ExecuteLoginPage" name="verifyThecheckBox" time="0.741"/>
  <testcase classname="executeClass.ExecuteDashboardPage" name="isDashboardPageDisplayed" time="0.605"/>
  <testcase classname="executeClass.ExecuteAdminUserPage" name="isNewButtonDisplayed" time="1.84"/>
  <testcase classname="executeClass.ExecuteCategoryPage" name="verifyTheMoreInfoIsClickableOrNotInCategoryPageList" time="1.777"/>
  <testcase classname="executeClass.ExecuteManageProductPage" name="verifyTheSearchProduct" time="2.551">
    <failure type="java.lang.AssertionError" message="expected [apple] but found [apple P792 Combo]">
      <![CDATA[java.lang.AssertionError: expected [apple] but found [apple P792 Combo]
at executeClass.ExecuteManageProductPage.verifyTheSearchProduct(ExecuteManageProductPage.java:74)
at java.base/java.util.concurrent.FutureTask.run(FutureTask.java:264)
at java.base/java.util.concurrent.ThreadPoolExecutor.runWorker(ThreadPoolExecutor.java:1136)
at java.base/java.util.concurrent.ThreadPoolExecutor$Worker.run(ThreadPoolExecutor.java:635)
at java.base/java.lang.Thread.run(Thread.java:833)
... Removed 22 stack frames]]>
    </failure>
  </testcase> <!-- verifyTheSearchProduct -->
  <testcase classname="executeClass.ExecuteManageOfferCodePage" name="verifyTheMoreInfoIsClickableOrNotInManageOfferCode" time="1.971"/>
  <testcase classname="executeClass.ExecuteLoginPage" name="verifyTheSuccessfulLogin" time="3.705"/>
  <testcase classname="executeClass.ExecuteDashboardPage" name="verifyTheLogut" time="2.024"/>
  <testcase classname="executeClass.ExecuteAdminUserPage" name="verifyAddTheNewAdminUser" time="2.739"/>
  <testcase classname="executeClass.ExecuteCategoryPage" name="isNewButtonEnable" time="1.467"/>
  <testcase classname="executeClass.ExecuteManageOfferCodePage" name="isNewButtonEnable" time="2.353"/>
  <testcase classname="executeClass.ExecuteLoginPage" name="verifyTheInvalidUserNameAndInvalidPassword" time="0.72"/>
  <testcase classname="executeClass.ExecuteAdminUserPage" name="isSearchButtonEnable" time="1.903"/>
  <testcase classname="executeClass.ExecuteCategoryPage" name="isSearchButtonEnable" time="2.002"/>
  <testcase classname="executeClass.ExecuteManageOfferCodePage" name="isSearchButtonEnable" time="1.736"/>
  <testcase classname="executeClass.ExecuteLoginPage" name="verifyTheValidUserNameAndInvalidPassword" time="1.517"/>
  <testcase classname="executeClass.ExecuteAdminUserPage" name="isActiveButtonEnable" time="1.773"/>
  <testcase classname="executeClass.ExecuteCategoryPage" name="isSearchFunctionalityWorkingFineOrNot" time="4.69"/>
  <testcase classname="executeClass.ExecuteManageOfferCodePage" name="VerifyTheManageProductToHomePage" time="4.555"/>
  <testcase classname="executeClass.ExecuteCategoryPage" name="isSearchValueActiveEnable" time="3.592"/>
  <testcase classname="executeClass.ExecuteCategoryPage" name="verifyTheCategoryToHomePage" time="3.13"/>
  <testcase classname="executeClass.ExecuteManageProductPage" name="isNewButtonEnable" time="0.0">
    <ignored/>
  </testcase> <!-- isNewButtonEnable -->
  <testcase classname="executeClass.ExecuteManageProductPage" name="verifyTheMoreInfoIsClickableOrNotInManageProductList" time="0.0">
    <ignored/>
  </testcase> <!-- verifyTheMoreInfoIsClickableOrNotInManageProductList -->
  <testcase classname="executeClass.ExecuteMangePage" name="verifyTheMoreInfoIsClickableOrNotInManagePageList" time="0.0">
    <ignored/>
  </testcase> <!-- verifyTheMoreInfoIsClickableOrNotInManagePageList -->
  <testcase classname="executeClass.ExecuteMangePage" name="isSearchFunctionalityWorkingFineOrNot" time="0.0">
    <ignored/>
  </testcase> <!-- isSearchFunctionalityWorkingFineOrNot -->
  <testcase classname="executeClass.ExecuteManageProductPage" name="VerifyTheManageProductToHomePage" time="0.0">
    <ignored/>
  </testcase> <!-- VerifyTheManageProductToHomePage -->
  <testcase classname="executeClass.ExecuteManageProductPage" name="isEditButtonInProduct" time="0.0">
    <ignored/>
  </testcase> <!-- isEditButtonInProduct -->
  <testcase classname="executeClass.ExecuteMangePage" name="isNewButtonDisplayed" time="0.0">
    <ignored/>
  </testcase> <!-- isNewButtonDisplayed -->
  <testcase classname="executeClass.ExecuteMangePage" name="verifyTheMangePageToHomePage" time="0.0">
    <ignored/>
  </testcase> <!-- verifyTheMangePageToHomePage -->
  <testcase classname="executeClass.ExecuteMangePage" name="isafterUpdateAlertMessage" time="0.0">
    <ignored/>
  </testcase> <!-- isafterUpdateAlertMessage -->
  <testcase classname="executeClass.ExecuteManageProductPage" name="isSearchButtonEnable" time="0.0">
    <ignored/>
  </testcase> <!-- isSearchButtonEnable -->
</testsuite> <!-- Chrome Browser Test -->
