<?xml version="1.0" encoding="UTF-8"?>
<!-- Generated by org.testng.reporters.JUnitXMLReporter -->
<testsuite ignored="10" hostname="LAPTOP-KI9HM9P0" failures="1" tests="21" name="Edge Browser Test" time="145.091" errors="0" timestamp="19 May 2022 13:03:33 GMT">
  <testcase classname="executeClass.ExecuteLoginPage" name="verifyThecheckBox" time="0.384"/>
  <testcase classname="executeClass.ExecuteDashboardPage" name="isDashboardPageDisplayed" time="0.783"/>
  <testcase classname="executeClass.ExecuteAdminUserPage" name="isNewButtonDisplayed" time="2.353"/>
  <testcase classname="executeClass.ExecuteCategoryPage" name="verifyTheMoreInfoIsClickableOrNotInCategoryPageList" time="1.16"/>
  <testcase classname="executeClass.ExecuteManageProductPage" name="verifyTheSearchProduct" time="3.005">
    <failure type="java.lang.AssertionError" message="expected [apple] but found [apple P792 Combo]">
      <![CDATA[java.lang.AssertionError: expected [apple] but found [apple P792 Combo]
at executeClass.ExecuteManageProductPage.verifyTheSearchProduct(ExecuteManageProductPage.java:74)
at java.base/java.util.concurrent.FutureTask.run(FutureTask.java:264)
at java.base/java.util.concurrent.ThreadPoolExecutor.runWorker(ThreadPoolExecutor.java:1136)
at java.base/java.util.concurrent.ThreadPoolExecutor$Worker.run(ThreadPoolExecutor.java:635)
at java.base/java.lang.Thread.run(Thread.java:833)
... Removed 22 stack frames]]>
    </failure>
  </testcase> <!-- verifyTheSearchProduct -->
  <testcase classname="executeClass.ExecuteManageOfferCodePage" name="verifyTheMoreInfoIsClickableOrNotInManageOfferCode" time="2.07"/>
  <testcase classname="executeClass.ExecuteLoginPage" name="verifyTheSuccessfulLogin" time="1.431"/>
  <testcase classname="executeClass.ExecuteDashboardPage" name="verifyTheLogut" time="1.457"/>
  <testcase classname="executeClass.ExecuteAdminUserPage" name="verifyAddTheNewAdminUser" time="4.42"/>
  <testcase classname="executeClass.ExecuteCategoryPage" name="isNewButtonEnable" time="2.99"/>
  <testcase classname="executeClass.ExecuteManageOfferCodePage" name="isNewButtonEnable" time="2.303"/>
  <testcase classname="executeClass.ExecuteLoginPage" name="verifyTheInvalidUserNameAndInvalidPassword" time="1.245"/>
  <testcase classname="executeClass.ExecuteAdminUserPage" name="isSearchButtonEnable" time="1.761"/>
  <testcase classname="executeClass.ExecuteCategoryPage" name="isSearchButtonEnable" time="1.979"/>
  <testcase classname="executeClass.ExecuteManageOfferCodePage" name="isSearchButtonEnable" time="1.236"/>
  <testcase classname="executeClass.ExecuteLoginPage" name="verifyTheValidUserNameAndInvalidPassword" time="0.714"/>
  <testcase classname="executeClass.ExecuteAdminUserPage" name="isActiveButtonEnable" time="1.488"/>
  <testcase classname="executeClass.ExecuteCategoryPage" name="isSearchFunctionalityWorkingFineOrNot" time="1.52"/>
  <testcase classname="executeClass.ExecuteManageOfferCodePage" name="VerifyTheManageProductToHomePage" time="1.744"/>
  <testcase classname="executeClass.ExecuteCategoryPage" name="isSearchValueActiveEnable" time="1.555"/>
  <testcase classname="executeClass.ExecuteCategoryPage" name="verifyTheCategoryToHomePage" time="1.7"/>
  <testcase classname="executeClass.ExecuteManageProductPage" name="isNewButtonEnable" time="0.0">
    <ignored/>
  </testcase> <!-- isNewButtonEnable -->
  <testcase classname="executeClass.ExecuteManageProductPage" name="verifyTheMoreInfoIsClickableOrNotInManageProductList" time="0.0">
    <ignored/>
  </testcase> <!-- verifyTheMoreInfoIsClickableOrNotInManageProductList -->
  <testcase classname="executeClass.ExecuteMangePage" name="verifyTheMoreInfoIsClickableOrNotInManagePageList" time="0.0">
    <ignored/>
  </testcase> <!-- verifyTheMoreInfoIsClickableOrNotInManagePageList -->
  <testcase classname="executeClass.ExecuteMangePage" name="isSearchFunctionalityWorkingFineOrNot" time="0.0">
    <ignored/>
  </testcase> <!-- isSearchFunctionalityWorkingFineOrNot -->
  <testcase classname="executeClass.ExecuteManageProductPage" name="VerifyTheManageProductToHomePage" time="0.0">
    <ignored/>
  </testcase> <!-- VerifyTheManageProductToHomePage -->
  <testcase classname="executeClass.ExecuteManageProductPage" name="isEditButtonInProduct" time="0.0">
    <ignored/>
  </testcase> <!-- isEditButtonInProduct -->
  <testcase classname="executeClass.ExecuteMangePage" name="isNewButtonDisplayed" time="0.0">
    <ignored/>
  </testcase> <!-- isNewButtonDisplayed -->
  <testcase classname="executeClass.ExecuteMangePage" name="verifyTheMangePageToHomePage" time="0.0">
    <ignored/>
  </testcase> <!-- verifyTheMangePageToHomePage -->
  <testcase classname="executeClass.ExecuteMangePage" name="isafterUpdateAlertMessage" time="0.0">
    <ignored/>
  </testcase> <!-- isafterUpdateAlertMessage -->
  <testcase classname="executeClass.ExecuteManageProductPage" name="isSearchButtonEnable" time="0.0">
    <ignored/>
  </testcase> <!-- isSearchButtonEnable -->
</testsuite> <!-- Edge Browser Test -->
