<?xml version="1.0" encoding="UTF-8"?>
<testng-results ignored="20" total="62" passed="40" failed="2" skipped="0">
  <reporter-output>
  </reporter-output>
  <suite started-at="2022-05-19T13:01:08Z" name="Cross Browser Test Suite" finished-at="2022-05-19T13:03:33Z" duration-ms="145091">
    <groups>
    </groups>
    <test started-at="2022-05-19T13:01:08Z" name="Chrome Browser Test" finished-at="2022-05-19T13:02:55Z" duration-ms="106890">
      <class name="executeClass.ExecuteManageProductPage">
        <test-method is-config="true" signature="beforeMethod(java.lang.String)[pri:0, instance:executeClass.ExecuteManageProductPage@6a6afff2]" started-at="2022-05-19T13:01:21Z" name="beforeMethod" finished-at="2022-05-19T13:01:25Z" duration-ms="3331" status="PASS">
          <params>
            <param index="0">
              <value>
                <![CDATA[chrome]]>
              </value>
            </param>
          </params>
          <reporter-output>
          </reporter-output>
        </test-method> <!-- beforeMethod -->
        <test-method signature="verifyTheSearchProduct()[pri:0, instance:executeClass.ExecuteManageProductPage@6a6afff2]" started-at="2022-05-19T13:01:25Z" name="verifyTheSearchProduct" finished-at="2022-05-19T13:01:27Z" duration-ms="2551" status="FAIL">
          <exception class="java.lang.AssertionError">
            <message>
              <![CDATA[expected [apple] but found [apple P792 Combo]]]>
            </message>
            <full-stacktrace>
              <![CDATA[java.lang.AssertionError: expected [apple] but found [apple P792 Combo]
at org.testng.Assert.fail(Assert.java:96)
at org.testng.Assert.failNotEquals(Assert.java:776)
at org.testng.Assert.assertEqualsImpl(Assert.java:137)
at org.testng.Assert.assertEquals(Assert.java:118)
at org.testng.Assert.assertEquals(Assert.java:453)
at org.testng.Assert.assertEquals(Assert.java:463)
at executeClass.ExecuteManageProductPage.verifyTheSearchProduct(ExecuteManageProductPage.java:74)
at java.base/jdk.internal.reflect.NativeMethodAccessorImpl.invoke0(Native Method)
at java.base/jdk.internal.reflect.NativeMethodAccessorImpl.invoke(NativeMethodAccessorImpl.java:77)
at java.base/jdk.internal.reflect.DelegatingMethodAccessorImpl.invoke(DelegatingMethodAccessorImpl.java:43)
at java.base/java.lang.reflect.Method.invoke(Method.java:568)
at org.testng.internal.MethodInvocationHelper.invokeMethod(MethodInvocationHelper.java:124)
at org.testng.internal.Invoker.invokeMethod(Invoker.java:583)
at org.testng.internal.Invoker.invokeTestMethod(Invoker.java:719)
at org.testng.internal.Invoker.invokeTestMethods(Invoker.java:989)
at org.testng.internal.TestMethodWorker.invokeTestMethods(TestMethodWorker.java:125)
at org.testng.internal.TestMethodWorker.run(TestMethodWorker.java:109)
at org.testng.TestRunner.privateRun(TestRunner.java:648)
at org.testng.TestRunner.run(TestRunner.java:505)
at org.testng.SuiteRunner.runTest(SuiteRunner.java:455)
at org.testng.SuiteRunner.access$000(SuiteRunner.java:40)
at org.testng.SuiteRunner$SuiteWorker.run(SuiteRunner.java:489)
at org.testng.internal.thread.ThreadUtil$1.call(ThreadUtil.java:52)
at java.base/java.util.concurrent.FutureTask.run(FutureTask.java:264)
at java.base/java.util.concurrent.ThreadPoolExecutor.runWorker(ThreadPoolExecutor.java:1136)
at java.base/java.util.concurrent.ThreadPoolExecutor$Worker.run(ThreadPoolExecutor.java:635)
at java.base/java.lang.Thread.run(Thread.java:833)
]]>
            </full-stacktrace>
          </exception> <!-- java.lang.AssertionError -->
          <reporter-output>
          </reporter-output>
        </test-method> <!-- verifyTheSearchProduct -->
        <test-method is-config="true" signature="afterMethod(org.testng.ITestResult)[pri:0, instance:executeClass.ExecuteManageProductPage@6a6afff2]" started-at="2022-05-19T13:01:27Z" name="afterMethod" finished-at="2022-05-19T13:01:27Z" duration-ms="167" status="PASS">
          <params>
            <param index="0">
              <value>
                <![CDATA[[TestResult name=verifyTheSearchProduct status=FAILURE method=ExecuteManageProductPage.verifyTheSearchProduct()[pri:0, instance:executeClass.ExecuteManageProductPage@6a6afff2] output={null}]]]>
              </value>
            </param>
          </params>
          <reporter-output>
          </reporter-output>
        </test-method> <!-- afterMethod -->
      </class> <!-- executeClass.ExecuteManageProductPage -->
      <class name="executeClass.ExecuteLoginPage">
        <test-method is-config="true" signature="beforeMethod(java.lang.String)[pri:0, instance:executeClass.ExecuteLoginPage@5fa07e12]" started-at="2022-05-19T13:01:08Z" name="beforeMethod" finished-at="2022-05-19T13:01:11Z" duration-ms="2535" status="PASS">
          <params>
            <param index="0">
              <value>
                <![CDATA[chrome]]>
              </value>
            </param>
          </params>
          <reporter-output>
          </reporter-output>
        </test-method> <!-- beforeMethod -->
        <test-method signature="verifyThecheckBox()[pri:0, instance:executeClass.ExecuteLoginPage@5fa07e12]" started-at="2022-05-19T13:01:11Z" name="verifyThecheckBox" finished-at="2022-05-19T13:01:11Z" duration-ms="741" status="PASS">
          <reporter-output>
          </reporter-output>
        </test-method> <!-- verifyThecheckBox -->
        <test-method is-config="true" signature="afterMethod(org.testng.ITestResult)[pri:0, instance:executeClass.ExecuteLoginPage@5fa07e12]" started-at="2022-05-19T13:01:11Z" name="afterMethod" finished-at="2022-05-19T13:01:11Z" duration-ms="2" status="PASS">
          <params>
            <param index="0">
              <value>
                <![CDATA[[TestResult name=verifyThecheckBox status=SUCCESS method=ExecuteLoginPage.verifyThecheckBox()[pri:0, instance:executeClass.ExecuteLoginPage@5fa07e12] output={null}]]]>
              </value>
            </param>
          </params>
          <reporter-output>
          </reporter-output>
        </test-method> <!-- afterMethod -->
        <test-method is-config="true" signature="beforeMethod(java.lang.String)[pri:0, instance:executeClass.ExecuteLoginPage@5fa07e12]" started-at="2022-05-19T13:01:32Z" name="beforeMethod" finished-at="2022-05-19T13:01:34Z" duration-ms="1720" status="PASS">
          <params>
            <param index="0">
              <value>
                <![CDATA[chrome]]>
              </value>
            </param>
          </params>
          <reporter-output>
          </reporter-output>
        </test-method> <!-- beforeMethod -->
        <test-method signature="verifyTheSuccessfulLogin()[pri:1, instance:executeClass.ExecuteLoginPage@5fa07e12]" started-at="2022-05-19T13:01:34Z" name="verifyTheSuccessfulLogin" finished-at="2022-05-19T13:01:38Z" duration-ms="3705" status="PASS">
          <reporter-output>
          </reporter-output>
        </test-method> <!-- verifyTheSuccessfulLogin -->
        <test-method is-config="true" signature="afterMethod(org.testng.ITestResult)[pri:0, instance:executeClass.ExecuteLoginPage@5fa07e12]" started-at="2022-05-19T13:01:38Z" name="afterMethod" finished-at="2022-05-19T13:01:38Z" duration-ms="3" status="PASS">
          <params>
            <param index="0">
              <value>
                <![CDATA[[TestResult name=verifyTheSuccessfulLogin status=SUCCESS method=ExecuteLoginPage.verifyTheSuccessfulLogin()[pri:1, instance:executeClass.ExecuteLoginPage@5fa07e12] output={null}]]]>
              </value>
            </param>
          </params>
          <reporter-output>
          </reporter-output>
        </test-method> <!-- afterMethod -->
        <test-method is-config="true" signature="beforeMethod(java.lang.String)[pri:0, instance:executeClass.ExecuteLoginPage@5fa07e12]" started-at="2022-05-19T13:02:00Z" name="beforeMethod" finished-at="2022-05-19T13:02:02Z" duration-ms="2489" status="PASS">
          <params>
            <param index="0">
              <value>
                <![CDATA[chrome]]>
              </value>
            </param>
          </params>
          <reporter-output>
          </reporter-output>
        </test-method> <!-- beforeMethod -->
        <test-method signature="verifyTheInvalidUserNameAndInvalidPassword()[pri:2, instance:executeClass.ExecuteLoginPage@5fa07e12]" started-at="2022-05-19T13:02:02Z" name="verifyTheInvalidUserNameAndInvalidPassword" finished-at="2022-05-19T13:02:03Z" duration-ms="720" status="PASS">
          <reporter-output>
          </reporter-output>
        </test-method> <!-- verifyTheInvalidUserNameAndInvalidPassword -->
        <test-method is-config="true" signature="afterMethod(org.testng.ITestResult)[pri:0, instance:executeClass.ExecuteLoginPage@5fa07e12]" started-at="2022-05-19T13:02:03Z" name="afterMethod" finished-at="2022-05-19T13:02:03Z" duration-ms="1" status="PASS">
          <params>
            <param index="0">
              <value>
                <![CDATA[[TestResult name=verifyTheInvalidUserNameAndInvalidPassword status=SUCCESS method=ExecuteLoginPage.verifyTheInvalidUserNameAndInvalidPassword()[pri:2, instance:executeClass.ExecuteLoginPage@5fa07e12] output={null}]]]>
              </value>
            </param>
          </params>
          <reporter-output>
          </reporter-output>
        </test-method> <!-- afterMethod -->
        <test-method is-config="true" signature="beforeMethod(java.lang.String)[pri:0, instance:executeClass.ExecuteLoginPage@5fa07e12]" started-at="2022-05-19T13:02:20Z" name="beforeMethod" finished-at="2022-05-19T13:02:22Z" duration-ms="2823" status="PASS">
          <params>
            <param index="0">
              <value>
                <![CDATA[chrome]]>
              </value>
            </param>
          </params>
          <reporter-output>
          </reporter-output>
        </test-method> <!-- beforeMethod -->
        <test-method signature="verifyTheValidUserNameAndInvalidPassword()[pri:3, instance:executeClass.ExecuteLoginPage@5fa07e12]" started-at="2022-05-19T13:02:22Z" name="verifyTheValidUserNameAndInvalidPassword" finished-at="2022-05-19T13:02:24Z" duration-ms="1517" status="PASS">
          <reporter-output>
          </reporter-output>
        </test-method> <!-- verifyTheValidUserNameAndInvalidPassword -->
        <test-method is-config="true" signature="afterMethod(org.testng.ITestResult)[pri:0, instance:executeClass.ExecuteLoginPage@5fa07e12]" started-at="2022-05-19T13:02:24Z" name="afterMethod" finished-at="2022-05-19T13:02:24Z" duration-ms="1" status="PASS">
          <params>
            <param index="0">
              <value>
                <![CDATA[[TestResult name=verifyTheValidUserNameAndInvalidPassword status=SUCCESS method=ExecuteLoginPage.verifyTheValidUserNameAndInvalidPassword()[pri:3, instance:executeClass.ExecuteLoginPage@5fa07e12] output={null}]]]>
              </value>
            </param>
          </params>
          <reporter-output>
          </reporter-output>
        </test-method> <!-- afterMethod -->
      </class> <!-- executeClass.ExecuteLoginPage -->
      <class name="executeClass.ExecuteAdminUserPage">
        <test-method is-config="true" signature="beforeMethod(java.lang.String)[pri:0, instance:executeClass.ExecuteAdminUserPage@482bce4f]" started-at="2022-05-19T13:01:14Z" name="beforeMethod" finished-at="2022-05-19T13:01:16Z" duration-ms="1848" status="PASS">
          <params>
            <param index="0">
              <value>
                <![CDATA[chrome]]>
              </value>
            </param>
          </params>
          <reporter-output>
          </reporter-output>
        </test-method> <!-- beforeMethod -->
        <test-method signature="isNewButtonDisplayed()[pri:0, instance:executeClass.ExecuteAdminUserPage@482bce4f]" started-at="2022-05-19T13:01:16Z" name="isNewButtonDisplayed" finished-at="2022-05-19T13:01:18Z" duration-ms="1840" status="PASS">
          <reporter-output>
          </reporter-output>
        </test-method> <!-- isNewButtonDisplayed -->
        <test-method is-config="true" signature="afterMethod(org.testng.ITestResult)[pri:0, instance:executeClass.ExecuteAdminUserPage@482bce4f]" started-at="2022-05-19T13:01:18Z" name="afterMethod" finished-at="2022-05-19T13:01:18Z" duration-ms="0" status="PASS">
          <params>
            <param index="0">
              <value>
                <![CDATA[[TestResult name=isNewButtonDisplayed status=SUCCESS method=ExecuteAdminUserPage.isNewButtonDisplayed()[pri:0, instance:executeClass.ExecuteAdminUserPage@482bce4f] output={null}]]]>
              </value>
            </param>
          </params>
          <reporter-output>
          </reporter-output>
        </test-method> <!-- afterMethod -->
        <test-method is-config="true" signature="beforeMethod(java.lang.String)[pri:0, instance:executeClass.ExecuteAdminUserPage@482bce4f]" started-at="2022-05-19T13:01:42Z" name="beforeMethod" finished-at="2022-05-19T13:01:47Z" duration-ms="4721" status="PASS">
          <params>
            <param index="0">
              <value>
                <![CDATA[chrome]]>
              </value>
            </param>
          </params>
          <reporter-output>
          </reporter-output>
        </test-method> <!-- beforeMethod -->
        <test-method signature="verifyAddTheNewAdminUser()[pri:1, instance:executeClass.ExecuteAdminUserPage@482bce4f]" started-at="2022-05-19T13:01:47Z" name="verifyAddTheNewAdminUser" finished-at="2022-05-19T13:01:50Z" duration-ms="2739" status="PASS">
          <reporter-output>
          </reporter-output>
        </test-method> <!-- verifyAddTheNewAdminUser -->
        <test-method is-config="true" signature="afterMethod(org.testng.ITestResult)[pri:0, instance:executeClass.ExecuteAdminUserPage@482bce4f]" started-at="2022-05-19T13:01:50Z" name="afterMethod" finished-at="2022-05-19T13:01:50Z" duration-ms="0" status="PASS">
          <params>
            <param index="0">
              <value>
                <![CDATA[[TestResult name=verifyAddTheNewAdminUser status=SUCCESS method=ExecuteAdminUserPage.verifyAddTheNewAdminUser()[pri:1, instance:executeClass.ExecuteAdminUserPage@482bce4f] output={null}]]]>
              </value>
            </param>
          </params>
          <reporter-output>
          </reporter-output>
        </test-method> <!-- afterMethod -->
        <test-method is-config="true" signature="beforeMethod(java.lang.String)[pri:0, instance:executeClass.ExecuteAdminUserPage@482bce4f]" started-at="2022-05-19T13:02:03Z" name="beforeMethod" finished-at="2022-05-19T13:02:07Z" duration-ms="3962" status="PASS">
          <params>
            <param index="0">
              <value>
                <![CDATA[chrome]]>
              </value>
            </param>
          </params>
          <reporter-output>
          </reporter-output>
        </test-method> <!-- beforeMethod -->
        <test-method signature="isSearchButtonEnable()[pri:2, instance:executeClass.ExecuteAdminUserPage@482bce4f]" started-at="2022-05-19T13:02:07Z" name="isSearchButtonEnable" finished-at="2022-05-19T13:02:09Z" duration-ms="1903" status="PASS">
          <reporter-output>
          </reporter-output>
        </test-method> <!-- isSearchButtonEnable -->
        <test-method is-config="true" signature="afterMethod(org.testng.ITestResult)[pri:0, instance:executeClass.ExecuteAdminUserPage@482bce4f]" started-at="2022-05-19T13:02:09Z" name="afterMethod" finished-at="2022-05-19T13:02:09Z" duration-ms="0" status="PASS">
          <params>
            <param index="0">
              <value>
                <![CDATA[[TestResult name=isSearchButtonEnable status=SUCCESS method=ExecuteAdminUserPage.isSearchButtonEnable()[pri:2, instance:executeClass.ExecuteAdminUserPage@482bce4f] output={null}]]]>
              </value>
            </param>
          </params>
          <reporter-output>
          </reporter-output>
        </test-method> <!-- afterMethod -->
        <test-method is-config="true" signature="beforeMethod(java.lang.String)[pri:0, instance:executeClass.ExecuteAdminUserPage@482bce4f]" started-at="2022-05-19T13:02:24Z" name="beforeMethod" finished-at="2022-05-19T13:02:27Z" duration-ms="3319" status="PASS">
          <params>
            <param index="0">
              <value>
                <![CDATA[chrome]]>
              </value>
            </param>
          </params>
          <reporter-output>
          </reporter-output>
        </test-method> <!-- beforeMethod -->
        <test-method signature="isActiveButtonEnable()[pri:3, instance:executeClass.ExecuteAdminUserPage@482bce4f]" started-at="2022-05-19T13:02:27Z" name="isActiveButtonEnable" finished-at="2022-05-19T13:02:29Z" duration-ms="1773" status="PASS">
          <reporter-output>
          </reporter-output>
        </test-method> <!-- isActiveButtonEnable -->
        <test-method is-config="true" signature="afterMethod(org.testng.ITestResult)[pri:0, instance:executeClass.ExecuteAdminUserPage@482bce4f]" started-at="2022-05-19T13:02:29Z" name="afterMethod" finished-at="2022-05-19T13:02:29Z" duration-ms="1" status="PASS">
          <params>
            <param index="0">
              <value>
                <![CDATA[[TestResult name=isActiveButtonEnable status=SUCCESS method=ExecuteAdminUserPage.isActiveButtonEnable()[pri:3, instance:executeClass.ExecuteAdminUserPage@482bce4f] output={null}]]]>
              </value>
            </param>
          </params>
          <reporter-output>
          </reporter-output>
        </test-method> <!-- afterMethod -->
      </class> <!-- executeClass.ExecuteAdminUserPage -->
      <class name="executeClass.ExecuteDashboardPage">
        <test-method is-config="true" signature="beforeMethod(java.lang.String)[pri:0, instance:executeClass.ExecuteDashboardPage@55b53d44]" started-at="2022-05-19T13:01:11Z" name="beforeMethod" finished-at="2022-05-19T13:01:13Z" duration-ms="1780" status="PASS">
          <params>
            <param index="0">
              <value>
                <![CDATA[chrome]]>
              </value>
            </param>
          </params>
          <reporter-output>
          </reporter-output>
        </test-method> <!-- beforeMethod -->
        <test-method signature="isDashboardPageDisplayed()[pri:0, instance:executeClass.ExecuteDashboardPage@55b53d44]" started-at="2022-05-19T13:01:13Z" name="isDashboardPageDisplayed" finished-at="2022-05-19T13:01:14Z" duration-ms="605" status="PASS">
          <reporter-output>
          </reporter-output>
        </test-method> <!-- isDashboardPageDisplayed -->
        <test-method is-config="true" signature="afterMethod(org.testng.ITestResult)[pri:0, instance:executeClass.ExecuteDashboardPage@55b53d44]" started-at="2022-05-19T13:01:14Z" name="afterMethod" finished-at="2022-05-19T13:01:14Z" duration-ms="0" status="PASS">
          <params>
            <param index="0">
              <value>
                <![CDATA[[TestResult name=isDashboardPageDisplayed status=SUCCESS method=ExecuteDashboardPage.isDashboardPageDisplayed()[pri:0, instance:executeClass.ExecuteDashboardPage@55b53d44] output={null}]]]>
              </value>
            </param>
          </params>
          <reporter-output>
          </reporter-output>
        </test-method> <!-- afterMethod -->
        <test-method is-config="true" signature="beforeMethod(java.lang.String)[pri:0, instance:executeClass.ExecuteDashboardPage@55b53d44]" started-at="2022-05-19T13:01:38Z" name="beforeMethod" finished-at="2022-05-19T13:01:40Z" duration-ms="2504" status="PASS">
          <params>
            <param index="0">
              <value>
                <![CDATA[chrome]]>
              </value>
            </param>
          </params>
          <reporter-output>
          </reporter-output>
        </test-method> <!-- beforeMethod -->
        <test-method signature="verifyTheLogut()[pri:1, instance:executeClass.ExecuteDashboardPage@55b53d44]" started-at="2022-05-19T13:01:40Z" name="verifyTheLogut" finished-at="2022-05-19T13:01:42Z" duration-ms="2024" status="PASS">
          <reporter-output>
          </reporter-output>
        </test-method> <!-- verifyTheLogut -->
        <test-method is-config="true" signature="afterMethod(org.testng.ITestResult)[pri:0, instance:executeClass.ExecuteDashboardPage@55b53d44]" started-at="2022-05-19T13:01:42Z" name="afterMethod" finished-at="2022-05-19T13:01:42Z" duration-ms="0" status="PASS">
          <params>
            <param index="0">
              <value>
                <![CDATA[[TestResult name=verifyTheLogut status=SUCCESS method=ExecuteDashboardPage.verifyTheLogut()[pri:1, instance:executeClass.ExecuteDashboardPage@55b53d44] output={null}]]]>
              </value>
            </param>
          </params>
          <reporter-output>
          </reporter-output>
        </test-method> <!-- afterMethod -->
      </class> <!-- executeClass.ExecuteDashboardPage -->
      <class name="executeClass.ExecuteManageOfferCodePage">
        <test-method is-config="true" signature="beforeMethod(java.lang.String)[pri:0, instance:executeClass.ExecuteManageOfferCodePage@1649b0e6]" started-at="2022-05-19T13:01:27Z" name="beforeMethod" finished-at="2022-05-19T13:01:30Z" duration-ms="2754" status="PASS">
          <params>
            <param index="0">
              <value>
                <![CDATA[chrome]]>
              </value>
            </param>
          </params>
          <reporter-output>
          </reporter-output>
        </test-method> <!-- beforeMethod -->
        <test-method signature="verifyTheMoreInfoIsClickableOrNotInManageOfferCode()[pri:0, instance:executeClass.ExecuteManageOfferCodePage@1649b0e6]" started-at="2022-05-19T13:01:30Z" name="verifyTheMoreInfoIsClickableOrNotInManageOfferCode" finished-at="2022-05-19T13:01:32Z" duration-ms="1971" status="PASS">
          <reporter-output>
          </reporter-output>
        </test-method> <!-- verifyTheMoreInfoIsClickableOrNotInManageOfferCode -->
        <test-method is-config="true" signature="afterMethod(org.testng.ITestResult)[pri:0, instance:executeClass.ExecuteManageOfferCodePage@1649b0e6]" started-at="2022-05-19T13:01:32Z" name="afterMethod" finished-at="2022-05-19T13:01:32Z" duration-ms="1" status="PASS">
          <params>
            <param index="0">
              <value>
                <![CDATA[[TestResult name=verifyTheMoreInfoIsClickableOrNotInManageOfferCode status=SUCCESS method=ExecuteManageOfferCodePage.verifyTheMoreInfoIsClickableOrNotInManageOfferCode()[pri:0, instance:executeClass.ExecuteManageOfferCodePage@1649b0e6] output={null}]]]>
              </value>
            </param>
          </params>
          <reporter-output>
          </reporter-output>
        </test-method> <!-- afterMethod -->
        <test-method is-config="true" signature="beforeMethod(java.lang.String)[pri:0, instance:executeClass.ExecuteManageOfferCodePage@1649b0e6]" started-at="2022-05-19T13:01:55Z" name="beforeMethod" finished-at="2022-05-19T13:01:57Z" duration-ms="2516" status="PASS">
          <params>
            <param index="0">
              <value>
                <![CDATA[chrome]]>
              </value>
            </param>
          </params>
          <reporter-output>
          </reporter-output>
        </test-method> <!-- beforeMethod -->
        <test-method signature="isNewButtonEnable()[pri:1, instance:executeClass.ExecuteManageOfferCodePage@1649b0e6]" started-at="2022-05-19T13:01:57Z" name="isNewButtonEnable" finished-at="2022-05-19T13:02:00Z" duration-ms="2353" status="PASS">
          <reporter-output>
          </reporter-output>
        </test-method> <!-- isNewButtonEnable -->
        <test-method is-config="true" signature="afterMethod(org.testng.ITestResult)[pri:0, instance:executeClass.ExecuteManageOfferCodePage@1649b0e6]" started-at="2022-05-19T13:02:00Z" name="afterMethod" finished-at="2022-05-19T13:02:00Z" duration-ms="1" status="PASS">
          <params>
            <param index="0">
              <value>
                <![CDATA[[TestResult name=isNewButtonEnable status=SUCCESS method=ExecuteManageOfferCodePage.isNewButtonEnable()[pri:1, instance:executeClass.ExecuteManageOfferCodePage@1649b0e6] output={null}]]]>
              </value>
            </param>
          </params>
          <reporter-output>
          </reporter-output>
        </test-method> <!-- afterMethod -->
        <test-method is-config="true" signature="beforeMethod(java.lang.String)[pri:0, instance:executeClass.ExecuteManageOfferCodePage@1649b0e6]" started-at="2022-05-19T13:02:14Z" name="beforeMethod" finished-at="2022-05-19T13:02:18Z" duration-ms="4075" status="PASS">
          <params>
            <param index="0">
              <value>
                <![CDATA[chrome]]>
              </value>
            </param>
          </params>
          <reporter-output>
          </reporter-output>
        </test-method> <!-- beforeMethod -->
        <test-method signature="isSearchButtonEnable()[pri:2, instance:executeClass.ExecuteManageOfferCodePage@1649b0e6]" started-at="2022-05-19T13:02:18Z" name="isSearchButtonEnable" finished-at="2022-05-19T13:02:20Z" duration-ms="1736" status="PASS">
          <reporter-output>
          </reporter-output>
        </test-method> <!-- isSearchButtonEnable -->
        <test-method is-config="true" signature="afterMethod(org.testng.ITestResult)[pri:0, instance:executeClass.ExecuteManageOfferCodePage@1649b0e6]" started-at="2022-05-19T13:02:20Z" name="afterMethod" finished-at="2022-05-19T13:02:20Z" duration-ms="0" status="PASS">
          <params>
            <param index="0">
              <value>
                <![CDATA[[TestResult name=isSearchButtonEnable status=SUCCESS method=ExecuteManageOfferCodePage.isSearchButtonEnable()[pri:2, instance:executeClass.ExecuteManageOfferCodePage@1649b0e6] output={null}]]]>
              </value>
            </param>
          </params>
          <reporter-output>
          </reporter-output>
        </test-method> <!-- afterMethod -->
        <test-method is-config="true" signature="beforeMethod(java.lang.String)[pri:0, instance:executeClass.ExecuteManageOfferCodePage@1649b0e6]" started-at="2022-05-19T13:02:36Z" name="beforeMethod" finished-at="2022-05-19T13:02:38Z" duration-ms="2509" status="PASS">
          <params>
            <param index="0">
              <value>
                <![CDATA[chrome]]>
              </value>
            </param>
          </params>
          <reporter-output>
          </reporter-output>
        </test-method> <!-- beforeMethod -->
        <test-method signature="VerifyTheManageProductToHomePage()[pri:3, instance:executeClass.ExecuteManageOfferCodePage@1649b0e6]" started-at="2022-05-19T13:02:38Z" name="VerifyTheManageProductToHomePage" finished-at="2022-05-19T13:02:43Z" duration-ms="4555" status="PASS">
          <reporter-output>
          </reporter-output>
        </test-method> <!-- VerifyTheManageProductToHomePage -->
        <test-method is-config="true" signature="afterMethod(org.testng.ITestResult)[pri:0, instance:executeClass.ExecuteManageOfferCodePage@1649b0e6]" started-at="2022-05-19T13:02:43Z" name="afterMethod" finished-at="2022-05-19T13:02:43Z" duration-ms="1" status="PASS">
          <params>
            <param index="0">
              <value>
                <![CDATA[[TestResult name=VerifyTheManageProductToHomePage status=SUCCESS method=ExecuteManageOfferCodePage.VerifyTheManageProductToHomePage()[pri:3, instance:executeClass.ExecuteManageOfferCodePage@1649b0e6] output={null}]]]>
              </value>
            </param>
          </params>
          <reporter-output>
          </reporter-output>
        </test-method> <!-- afterMethod -->
      </class> <!-- executeClass.ExecuteManageOfferCodePage -->
      <class name="executeClass.ExecuteCategoryPage">
        <test-method is-config="true" signature="beforeMethod(java.lang.String)[pri:0, instance:executeClass.ExecuteCategoryPage@366647c2]" started-at="2022-05-19T13:01:18Z" name="beforeMethod" finished-at="2022-05-19T13:01:20Z" duration-ms="2078" status="PASS">
          <params>
            <param index="0">
              <value>
                <![CDATA[chrome]]>
              </value>
            </param>
          </params>
          <reporter-output>
          </reporter-output>
        </test-method> <!-- beforeMethod -->
        <test-method signature="verifyTheMoreInfoIsClickableOrNotInCategoryPageList()[pri:0, instance:executeClass.ExecuteCategoryPage@366647c2]" started-at="2022-05-19T13:01:20Z" name="verifyTheMoreInfoIsClickableOrNotInCategoryPageList" finished-at="2022-05-19T13:01:21Z" duration-ms="1777" status="PASS">
          <reporter-output>
          </reporter-output>
        </test-method> <!-- verifyTheMoreInfoIsClickableOrNotInCategoryPageList -->
        <test-method is-config="true" signature="afterMethod(org.testng.ITestResult)[pri:0, instance:executeClass.ExecuteCategoryPage@366647c2]" started-at="2022-05-19T13:01:21Z" name="afterMethod" finished-at="2022-05-19T13:01:21Z" duration-ms="1" status="PASS">
          <params>
            <param index="0">
              <value>
                <![CDATA[[TestResult name=verifyTheMoreInfoIsClickableOrNotInCategoryPageList status=SUCCESS method=ExecuteCategoryPage.verifyTheMoreInfoIsClickableOrNotInCategoryPageList()[pri:0, instance:executeClass.ExecuteCategoryPage@366647c2] output={null}]]]>
              </value>
            </param>
          </params>
          <reporter-output>
          </reporter-output>
        </test-method> <!-- afterMethod -->
        <test-method is-config="true" signature="beforeMethod(java.lang.String)[pri:0, instance:executeClass.ExecuteCategoryPage@366647c2]" started-at="2022-05-19T13:01:50Z" name="beforeMethod" finished-at="2022-05-19T13:01:53Z" duration-ms="3874" status="PASS">
          <params>
            <param index="0">
              <value>
                <![CDATA[chrome]]>
              </value>
            </param>
          </params>
          <reporter-output>
          </reporter-output>
        </test-method> <!-- beforeMethod -->
        <test-method signature="isNewButtonEnable()[pri:1, instance:executeClass.ExecuteCategoryPage@366647c2]" started-at="2022-05-19T13:01:53Z" name="isNewButtonEnable" finished-at="2022-05-19T13:01:55Z" duration-ms="1467" status="PASS">
          <reporter-output>
          </reporter-output>
        </test-method> <!-- isNewButtonEnable -->
        <test-method is-config="true" signature="afterMethod(org.testng.ITestResult)[pri:0, instance:executeClass.ExecuteCategoryPage@366647c2]" started-at="2022-05-19T13:01:55Z" name="afterMethod" finished-at="2022-05-19T13:01:55Z" duration-ms="1" status="PASS">
          <params>
            <param index="0">
              <value>
                <![CDATA[[TestResult name=isNewButtonEnable status=SUCCESS method=ExecuteCategoryPage.isNewButtonEnable()[pri:1, instance:executeClass.ExecuteCategoryPage@366647c2] output={null}]]]>
              </value>
            </param>
          </params>
          <reporter-output>
          </reporter-output>
        </test-method> <!-- afterMethod -->
        <test-method is-config="true" signature="beforeMethod(java.lang.String)[pri:0, instance:executeClass.ExecuteCategoryPage@366647c2]" started-at="2022-05-19T13:02:09Z" name="beforeMethod" finished-at="2022-05-19T13:02:12Z" duration-ms="2854" status="PASS">
          <params>
            <param index="0">
              <value>
                <![CDATA[chrome]]>
              </value>
            </param>
          </params>
          <reporter-output>
          </reporter-output>
        </test-method> <!-- beforeMethod -->
        <test-method signature="isSearchButtonEnable()[pri:2, instance:executeClass.ExecuteCategoryPage@366647c2]" started-at="2022-05-19T13:02:12Z" name="isSearchButtonEnable" finished-at="2022-05-19T13:02:14Z" duration-ms="2002" status="PASS">
          <reporter-output>
          </reporter-output>
        </test-method> <!-- isSearchButtonEnable -->
        <test-method is-config="true" signature="afterMethod(org.testng.ITestResult)[pri:0, instance:executeClass.ExecuteCategoryPage@366647c2]" started-at="2022-05-19T13:02:14Z" name="afterMethod" finished-at="2022-05-19T13:02:14Z" duration-ms="0" status="PASS">
          <params>
            <param index="0">
              <value>
                <![CDATA[[TestResult name=isSearchButtonEnable status=SUCCESS method=ExecuteCategoryPage.isSearchButtonEnable()[pri:2, instance:executeClass.ExecuteCategoryPage@366647c2] output={null}]]]>
              </value>
            </param>
          </params>
          <reporter-output>
          </reporter-output>
        </test-method> <!-- afterMethod -->
        <test-method is-config="true" signature="beforeMethod(java.lang.String)[pri:0, instance:executeClass.ExecuteCategoryPage@366647c2]" started-at="2022-05-19T13:02:29Z" name="beforeMethod" finished-at="2022-05-19T13:02:31Z" duration-ms="2160" status="PASS">
          <params>
            <param index="0">
              <value>
                <![CDATA[chrome]]>
              </value>
            </param>
          </params>
          <reporter-output>
          </reporter-output>
        </test-method> <!-- beforeMethod -->
        <test-method signature="isSearchFunctionalityWorkingFineOrNot()[pri:3, instance:executeClass.ExecuteCategoryPage@366647c2]" started-at="2022-05-19T13:02:31Z" name="isSearchFunctionalityWorkingFineOrNot" finished-at="2022-05-19T13:02:36Z" duration-ms="4690" status="PASS">
          <reporter-output>
          </reporter-output>
        </test-method> <!-- isSearchFunctionalityWorkingFineOrNot -->
        <test-method is-config="true" signature="afterMethod(org.testng.ITestResult)[pri:0, instance:executeClass.ExecuteCategoryPage@366647c2]" started-at="2022-05-19T13:02:36Z" name="afterMethod" finished-at="2022-05-19T13:02:36Z" duration-ms="0" status="PASS">
          <params>
            <param index="0">
              <value>
                <![CDATA[[TestResult name=isSearchFunctionalityWorkingFineOrNot status=SUCCESS method=ExecuteCategoryPage.isSearchFunctionalityWorkingFineOrNot()[pri:3, instance:executeClass.ExecuteCategoryPage@366647c2] output={null}]]]>
              </value>
            </param>
          </params>
          <reporter-output>
          </reporter-output>
        </test-method> <!-- afterMethod -->
        <test-method is-config="true" signature="beforeMethod(java.lang.String)[pri:0, instance:executeClass.ExecuteCategoryPage@366647c2]" started-at="2022-05-19T13:02:43Z" name="beforeMethod" finished-at="2022-05-19T13:02:46Z" duration-ms="2586" status="PASS">
          <params>
            <param index="0">
              <value>
                <![CDATA[chrome]]>
              </value>
            </param>
          </params>
          <reporter-output>
          </reporter-output>
        </test-method> <!-- beforeMethod -->
        <test-method signature="isSearchValueActiveEnable()[pri:4, instance:executeClass.ExecuteCategoryPage@366647c2]" started-at="2022-05-19T13:02:46Z" name="isSearchValueActiveEnable" finished-at="2022-05-19T13:02:49Z" duration-ms="3592" status="PASS">
          <reporter-output>
          </reporter-output>
        </test-method> <!-- isSearchValueActiveEnable -->
        <test-method is-config="true" signature="afterMethod(org.testng.ITestResult)[pri:0, instance:executeClass.ExecuteCategoryPage@366647c2]" started-at="2022-05-19T13:02:49Z" name="afterMethod" finished-at="2022-05-19T13:02:49Z" duration-ms="0" status="PASS">
          <params>
            <param index="0">
              <value>
                <![CDATA[[TestResult name=isSearchValueActiveEnable status=SUCCESS method=ExecuteCategoryPage.isSearchValueActiveEnable()[pri:4, instance:executeClass.ExecuteCategoryPage@366647c2] output={null}]]]>
              </value>
            </param>
          </params>
          <reporter-output>
          </reporter-output>
        </test-method> <!-- afterMethod -->
        <test-method is-config="true" signature="beforeMethod(java.lang.String)[pri:0, instance:executeClass.ExecuteCategoryPage@366647c2]" started-at="2022-05-19T13:02:49Z" name="beforeMethod" finished-at="2022-05-19T13:02:52Z" duration-ms="2808" status="PASS">
          <params>
            <param index="0">
              <value>
                <![CDATA[chrome]]>
              </value>
            </param>
          </params>
          <reporter-output>
          </reporter-output>
        </test-method> <!-- beforeMethod -->
        <test-method signature="verifyTheCategoryToHomePage()[pri:5, instance:executeClass.ExecuteCategoryPage@366647c2]" started-at="2022-05-19T13:02:52Z" name="verifyTheCategoryToHomePage" finished-at="2022-05-19T13:02:55Z" duration-ms="3130" status="PASS">
          <reporter-output>
          </reporter-output>
        </test-method> <!-- verifyTheCategoryToHomePage -->
        <test-method is-config="true" signature="afterMethod(org.testng.ITestResult)[pri:0, instance:executeClass.ExecuteCategoryPage@366647c2]" started-at="2022-05-19T13:02:55Z" name="afterMethod" finished-at="2022-05-19T13:02:55Z" duration-ms="1" status="PASS">
          <params>
            <param index="0">
              <value>
                <![CDATA[[TestResult name=verifyTheCategoryToHomePage status=SUCCESS method=ExecuteCategoryPage.verifyTheCategoryToHomePage()[pri:5, instance:executeClass.ExecuteCategoryPage@366647c2] output={null}]]]>
              </value>
            </param>
          </params>
          <reporter-output>
          </reporter-output>
        </test-method> <!-- afterMethod -->
      </class> <!-- executeClass.ExecuteCategoryPage -->
    </test> <!-- Chrome Browser Test -->
    <test started-at="2022-05-19T13:01:08Z" name="Edge Browser Test" finished-at="2022-05-19T13:03:33Z" duration-ms="145091">
      <class name="executeClass.ExecuteManageProductPage">
        <test-method is-config="true" signature="beforeMethod(java.lang.String)[pri:0, instance:executeClass.ExecuteManageProductPage@29e495ff]" started-at="2022-05-19T13:01:32Z" name="beforeMethod" finished-at="2022-05-19T13:01:36Z" duration-ms="4182" status="PASS">
          <params>
            <param index="0">
              <value>
                <![CDATA[edge]]>
              </value>
            </param>
          </params>
          <reporter-output>
          </reporter-output>
        </test-method> <!-- beforeMethod -->
        <test-method signature="verifyTheSearchProduct()[pri:0, instance:executeClass.ExecuteManageProductPage@29e495ff]" started-at="2022-05-19T13:01:36Z" name="verifyTheSearchProduct" finished-at="2022-05-19T13:01:39Z" duration-ms="3005" status="FAIL">
          <exception class="java.lang.AssertionError">
            <message>
              <![CDATA[expected [apple] but found [apple P792 Combo]]]>
            </message>
            <full-stacktrace>
              <![CDATA[java.lang.AssertionError: expected [apple] but found [apple P792 Combo]
at org.testng.Assert.fail(Assert.java:96)
at org.testng.Assert.failNotEquals(Assert.java:776)
at org.testng.Assert.assertEqualsImpl(Assert.java:137)
at org.testng.Assert.assertEquals(Assert.java:118)
at org.testng.Assert.assertEquals(Assert.java:453)
at org.testng.Assert.assertEquals(Assert.java:463)
at executeClass.ExecuteManageProductPage.verifyTheSearchProduct(ExecuteManageProductPage.java:74)
at java.base/jdk.internal.reflect.NativeMethodAccessorImpl.invoke0(Native Method)
at java.base/jdk.internal.reflect.NativeMethodAccessorImpl.invoke(NativeMethodAccessorImpl.java:77)
at java.base/jdk.internal.reflect.DelegatingMethodAccessorImpl.invoke(DelegatingMethodAccessorImpl.java:43)
at java.base/java.lang.reflect.Method.invoke(Method.java:568)
at org.testng.internal.MethodInvocationHelper.invokeMethod(MethodInvocationHelper.java:124)
at org.testng.internal.Invoker.invokeMethod(Invoker.java:583)
at org.testng.internal.Invoker.invokeTestMethod(Invoker.java:719)
at org.testng.internal.Invoker.invokeTestMethods(Invoker.java:989)
at org.testng.internal.TestMethodWorker.invokeTestMethods(TestMethodWorker.java:125)
at org.testng.internal.TestMethodWorker.run(TestMethodWorker.java:109)
at org.testng.TestRunner.privateRun(TestRunner.java:648)
at org.testng.TestRunner.run(TestRunner.java:505)
at org.testng.SuiteRunner.runTest(SuiteRunner.java:455)
at org.testng.SuiteRunner.access$000(SuiteRunner.java:40)
at org.testng.SuiteRunner$SuiteWorker.run(SuiteRunner.java:489)
at org.testng.internal.thread.ThreadUtil$1.call(ThreadUtil.java:52)
at java.base/java.util.concurrent.FutureTask.run(FutureTask.java:264)
at java.base/java.util.concurrent.ThreadPoolExecutor.runWorker(ThreadPoolExecutor.java:1136)
at java.base/java.util.concurrent.ThreadPoolExecutor$Worker.run(ThreadPoolExecutor.java:635)
at java.base/java.lang.Thread.run(Thread.java:833)
]]>
            </full-stacktrace>
          </exception> <!-- java.lang.AssertionError -->
          <reporter-output>
          </reporter-output>
        </test-method> <!-- verifyTheSearchProduct -->
        <test-method is-config="true" signature="afterMethod(org.testng.ITestResult)[pri:0, instance:executeClass.ExecuteManageProductPage@29e495ff]" started-at="2022-05-19T13:01:39Z" name="afterMethod" finished-at="2022-05-19T13:01:39Z" duration-ms="309" status="PASS">
          <params>
            <param index="0">
              <value>
                <![CDATA[[TestResult name=verifyTheSearchProduct status=FAILURE method=ExecuteManageProductPage.verifyTheSearchProduct()[pri:0, instance:executeClass.ExecuteManageProductPage@29e495ff] output={null}]]]>
              </value>
            </param>
          </params>
          <reporter-output>
          </reporter-output>
        </test-method> <!-- afterMethod -->
      </class> <!-- executeClass.ExecuteManageProductPage -->
      <class name="executeClass.ExecuteLoginPage">
        <test-method is-config="true" signature="beforeMethod(java.lang.String)[pri:0, instance:executeClass.ExecuteLoginPage@4e7912d8]" started-at="2022-05-19T13:01:08Z" name="beforeMethod" finished-at="2022-05-19T13:01:12Z" duration-ms="4164" status="PASS">
          <params>
            <param index="0">
              <value>
                <![CDATA[edge]]>
              </value>
            </param>
          </params>
          <reporter-output>
          </reporter-output>
        </test-method> <!-- beforeMethod -->
        <test-method signature="verifyThecheckBox()[pri:0, instance:executeClass.ExecuteLoginPage@4e7912d8]" started-at="2022-05-19T13:01:12Z" name="verifyThecheckBox" finished-at="2022-05-19T13:01:13Z" duration-ms="384" status="PASS">
          <reporter-output>
          </reporter-output>
        </test-method> <!-- verifyThecheckBox -->
        <test-method is-config="true" signature="afterMethod(org.testng.ITestResult)[pri:0, instance:executeClass.ExecuteLoginPage@4e7912d8]" started-at="2022-05-19T13:01:13Z" name="afterMethod" finished-at="2022-05-19T13:01:13Z" duration-ms="0" status="PASS">
          <params>
            <param index="0">
              <value>
                <![CDATA[[TestResult name=verifyThecheckBox status=SUCCESS method=ExecuteLoginPage.verifyThecheckBox()[pri:0, instance:executeClass.ExecuteLoginPage@4e7912d8] output={null}]]]>
              </value>
            </param>
          </params>
          <reporter-output>
          </reporter-output>
        </test-method> <!-- afterMethod -->
        <test-method is-config="true" signature="beforeMethod(java.lang.String)[pri:0, instance:executeClass.ExecuteLoginPage@4e7912d8]" started-at="2022-05-19T13:01:47Z" name="beforeMethod" finished-at="2022-05-19T13:01:53Z" duration-ms="5608" status="PASS">
          <params>
            <param index="0">
              <value>
                <![CDATA[edge]]>
              </value>
            </param>
          </params>
          <reporter-output>
          </reporter-output>
        </test-method> <!-- beforeMethod -->
        <test-method signature="verifyTheSuccessfulLogin()[pri:1, instance:executeClass.ExecuteLoginPage@4e7912d8]" started-at="2022-05-19T13:01:53Z" name="verifyTheSuccessfulLogin" finished-at="2022-05-19T13:01:54Z" duration-ms="1431" status="PASS">
          <reporter-output>
          </reporter-output>
        </test-method> <!-- verifyTheSuccessfulLogin -->
        <test-method is-config="true" signature="afterMethod(org.testng.ITestResult)[pri:0, instance:executeClass.ExecuteLoginPage@4e7912d8]" started-at="2022-05-19T13:01:54Z" name="afterMethod" finished-at="2022-05-19T13:01:54Z" duration-ms="1" status="PASS">
          <params>
            <param index="0">
              <value>
                <![CDATA[[TestResult name=verifyTheSuccessfulLogin status=SUCCESS method=ExecuteLoginPage.verifyTheSuccessfulLogin()[pri:1, instance:executeClass.ExecuteLoginPage@4e7912d8] output={null}]]]>
              </value>
            </param>
          </params>
          <reporter-output>
          </reporter-output>
        </test-method> <!-- afterMethod -->
        <test-method is-config="true" signature="beforeMethod(java.lang.String)[pri:0, instance:executeClass.ExecuteLoginPage@4e7912d8]" started-at="2022-05-19T13:02:28Z" name="beforeMethod" finished-at="2022-05-19T13:02:34Z" duration-ms="5694" status="PASS">
          <params>
            <param index="0">
              <value>
                <![CDATA[edge]]>
              </value>
            </param>
          </params>
          <reporter-output>
          </reporter-output>
        </test-method> <!-- beforeMethod -->
        <test-method signature="verifyTheInvalidUserNameAndInvalidPassword()[pri:2, instance:executeClass.ExecuteLoginPage@4e7912d8]" started-at="2022-05-19T13:02:34Z" name="verifyTheInvalidUserNameAndInvalidPassword" finished-at="2022-05-19T13:02:35Z" duration-ms="1245" status="PASS">
          <reporter-output>
          </reporter-output>
        </test-method> <!-- verifyTheInvalidUserNameAndInvalidPassword -->
        <test-method is-config="true" signature="afterMethod(org.testng.ITestResult)[pri:0, instance:executeClass.ExecuteLoginPage@4e7912d8]" started-at="2022-05-19T13:02:35Z" name="afterMethod" finished-at="2022-05-19T13:02:35Z" duration-ms="1" status="PASS">
          <params>
            <param index="0">
              <value>
                <![CDATA[[TestResult name=verifyTheInvalidUserNameAndInvalidPassword status=SUCCESS method=ExecuteLoginPage.verifyTheInvalidUserNameAndInvalidPassword()[pri:2, instance:executeClass.ExecuteLoginPage@4e7912d8] output={null}]]]>
              </value>
            </param>
          </params>
          <reporter-output>
          </reporter-output>
        </test-method> <!-- afterMethod -->
        <test-method is-config="true" signature="beforeMethod(java.lang.String)[pri:0, instance:executeClass.ExecuteLoginPage@4e7912d8]" started-at="2022-05-19T13:02:57Z" name="beforeMethod" finished-at="2022-05-19T13:03:01Z" duration-ms="3865" status="PASS">
          <params>
            <param index="0">
              <value>
                <![CDATA[edge]]>
              </value>
            </param>
          </params>
          <reporter-output>
          </reporter-output>
        </test-method> <!-- beforeMethod -->
        <test-method signature="verifyTheValidUserNameAndInvalidPassword()[pri:3, instance:executeClass.ExecuteLoginPage@4e7912d8]" started-at="2022-05-19T13:03:01Z" name="verifyTheValidUserNameAndInvalidPassword" finished-at="2022-05-19T13:03:02Z" duration-ms="714" status="PASS">
          <reporter-output>
          </reporter-output>
        </test-method> <!-- verifyTheValidUserNameAndInvalidPassword -->
        <test-method is-config="true" signature="afterMethod(org.testng.ITestResult)[pri:0, instance:executeClass.ExecuteLoginPage@4e7912d8]" started-at="2022-05-19T13:03:02Z" name="afterMethod" finished-at="2022-05-19T13:03:02Z" duration-ms="1" status="PASS">
          <params>
            <param index="0">
              <value>
                <![CDATA[[TestResult name=verifyTheValidUserNameAndInvalidPassword status=SUCCESS method=ExecuteLoginPage.verifyTheValidUserNameAndInvalidPassword()[pri:3, instance:executeClass.ExecuteLoginPage@4e7912d8] output={null}]]]>
              </value>
            </param>
          </params>
          <reporter-output>
          </reporter-output>
        </test-method> <!-- afterMethod -->
      </class> <!-- executeClass.ExecuteLoginPage -->
      <class name="executeClass.ExecuteAdminUserPage">
        <test-method is-config="true" signature="beforeMethod(java.lang.String)[pri:0, instance:executeClass.ExecuteAdminUserPage@2bfc268b]" started-at="2022-05-19T13:01:18Z" name="beforeMethod" finished-at="2022-05-19T13:01:23Z" duration-ms="5359" status="PASS">
          <params>
            <param index="0">
              <value>
                <![CDATA[edge]]>
              </value>
            </param>
          </params>
          <reporter-output>
          </reporter-output>
        </test-method> <!-- beforeMethod -->
        <test-method signature="isNewButtonDisplayed()[pri:0, instance:executeClass.ExecuteAdminUserPage@2bfc268b]" started-at="2022-05-19T13:01:23Z" name="isNewButtonDisplayed" finished-at="2022-05-19T13:01:26Z" duration-ms="2353" status="PASS">
          <reporter-output>
          </reporter-output>
        </test-method> <!-- isNewButtonDisplayed -->
        <test-method is-config="true" signature="afterMethod(org.testng.ITestResult)[pri:0, instance:executeClass.ExecuteAdminUserPage@2bfc268b]" started-at="2022-05-19T13:01:26Z" name="afterMethod" finished-at="2022-05-19T13:01:26Z" duration-ms="1" status="PASS">
          <params>
            <param index="0">
              <value>
                <![CDATA[[TestResult name=isNewButtonDisplayed status=SUCCESS method=ExecuteAdminUserPage.isNewButtonDisplayed()[pri:0, instance:executeClass.ExecuteAdminUserPage@2bfc268b] output={null}]]]>
              </value>
            </param>
          </params>
          <reporter-output>
          </reporter-output>
        </test-method> <!-- afterMethod -->
        <test-method is-config="true" signature="beforeMethod(java.lang.String)[pri:0, instance:executeClass.ExecuteAdminUserPage@2bfc268b]" started-at="2022-05-19T13:02:00Z" name="beforeMethod" finished-at="2022-05-19T13:02:06Z" duration-ms="5757" status="PASS">
          <params>
            <param index="0">
              <value>
                <![CDATA[edge]]>
              </value>
            </param>
          </params>
          <reporter-output>
          </reporter-output>
        </test-method> <!-- beforeMethod -->
        <test-method signature="verifyAddTheNewAdminUser()[pri:1, instance:executeClass.ExecuteAdminUserPage@2bfc268b]" started-at="2022-05-19T13:02:06Z" name="verifyAddTheNewAdminUser" finished-at="2022-05-19T13:02:10Z" duration-ms="4420" status="PASS">
          <reporter-output>
          </reporter-output>
        </test-method> <!-- verifyAddTheNewAdminUser -->
        <test-method is-config="true" signature="afterMethod(org.testng.ITestResult)[pri:0, instance:executeClass.ExecuteAdminUserPage@2bfc268b]" started-at="2022-05-19T13:02:10Z" name="afterMethod" finished-at="2022-05-19T13:02:10Z" duration-ms="0" status="PASS">
          <params>
            <param index="0">
              <value>
                <![CDATA[[TestResult name=verifyAddTheNewAdminUser status=SUCCESS method=ExecuteAdminUserPage.verifyAddTheNewAdminUser()[pri:1, instance:executeClass.ExecuteAdminUserPage@2bfc268b] output={null}]]]>
              </value>
            </param>
          </params>
          <reporter-output>
          </reporter-output>
        </test-method> <!-- afterMethod -->
        <test-method is-config="true" signature="beforeMethod(java.lang.String)[pri:0, instance:executeClass.ExecuteAdminUserPage@2bfc268b]" started-at="2022-05-19T13:02:35Z" name="beforeMethod" finished-at="2022-05-19T13:02:41Z" duration-ms="5727" status="PASS">
          <params>
            <param index="0">
              <value>
                <![CDATA[edge]]>
              </value>
            </param>
          </params>
          <reporter-output>
          </reporter-output>
        </test-method> <!-- beforeMethod -->
        <test-method signature="isSearchButtonEnable()[pri:2, instance:executeClass.ExecuteAdminUserPage@2bfc268b]" started-at="2022-05-19T13:02:41Z" name="isSearchButtonEnable" finished-at="2022-05-19T13:02:43Z" duration-ms="1761" status="PASS">
          <reporter-output>
          </reporter-output>
        </test-method> <!-- isSearchButtonEnable -->
        <test-method is-config="true" signature="afterMethod(org.testng.ITestResult)[pri:0, instance:executeClass.ExecuteAdminUserPage@2bfc268b]" started-at="2022-05-19T13:02:43Z" name="afterMethod" finished-at="2022-05-19T13:02:43Z" duration-ms="1" status="PASS">
          <params>
            <param index="0">
              <value>
                <![CDATA[[TestResult name=isSearchButtonEnable status=SUCCESS method=ExecuteAdminUserPage.isSearchButtonEnable()[pri:2, instance:executeClass.ExecuteAdminUserPage@2bfc268b] output={null}]]]>
              </value>
            </param>
          </params>
          <reporter-output>
          </reporter-output>
        </test-method> <!-- afterMethod -->
        <test-method is-config="true" signature="beforeMethod(java.lang.String)[pri:0, instance:executeClass.ExecuteAdminUserPage@2bfc268b]" started-at="2022-05-19T13:03:02Z" name="beforeMethod" finished-at="2022-05-19T13:03:08Z" duration-ms="6412" status="PASS">
          <params>
            <param index="0">
              <value>
                <![CDATA[edge]]>
              </value>
            </param>
          </params>
          <reporter-output>
          </reporter-output>
        </test-method> <!-- beforeMethod -->
        <test-method signature="isActiveButtonEnable()[pri:3, instance:executeClass.ExecuteAdminUserPage@2bfc268b]" started-at="2022-05-19T13:03:08Z" name="isActiveButtonEnable" finished-at="2022-05-19T13:03:10Z" duration-ms="1488" status="PASS">
          <reporter-output>
          </reporter-output>
        </test-method> <!-- isActiveButtonEnable -->
        <test-method is-config="true" signature="afterMethod(org.testng.ITestResult)[pri:0, instance:executeClass.ExecuteAdminUserPage@2bfc268b]" started-at="2022-05-19T13:03:10Z" name="afterMethod" finished-at="2022-05-19T13:03:10Z" duration-ms="0" status="PASS">
          <params>
            <param index="0">
              <value>
                <![CDATA[[TestResult name=isActiveButtonEnable status=SUCCESS method=ExecuteAdminUserPage.isActiveButtonEnable()[pri:3, instance:executeClass.ExecuteAdminUserPage@2bfc268b] output={null}]]]>
              </value>
            </param>
          </params>
          <reporter-output>
          </reporter-output>
        </test-method> <!-- afterMethod -->
      </class> <!-- executeClass.ExecuteAdminUserPage -->
      <class name="executeClass.ExecuteDashboardPage">
        <test-method is-config="true" signature="beforeMethod(java.lang.String)[pri:0, instance:executeClass.ExecuteDashboardPage@53976f5c]" started-at="2022-05-19T13:01:13Z" name="beforeMethod" finished-at="2022-05-19T13:01:17Z" duration-ms="4414" status="PASS">
          <params>
            <param index="0">
              <value>
                <![CDATA[edge]]>
              </value>
            </param>
          </params>
          <reporter-output>
          </reporter-output>
        </test-method> <!-- beforeMethod -->
        <test-method signature="isDashboardPageDisplayed()[pri:0, instance:executeClass.ExecuteDashboardPage@53976f5c]" started-at="2022-05-19T13:01:17Z" name="isDashboardPageDisplayed" finished-at="2022-05-19T13:01:18Z" duration-ms="783" status="PASS">
          <reporter-output>
          </reporter-output>
        </test-method> <!-- isDashboardPageDisplayed -->
        <test-method is-config="true" signature="afterMethod(org.testng.ITestResult)[pri:0, instance:executeClass.ExecuteDashboardPage@53976f5c]" started-at="2022-05-19T13:01:18Z" name="afterMethod" finished-at="2022-05-19T13:01:18Z" duration-ms="0" status="PASS">
          <params>
            <param index="0">
              <value>
                <![CDATA[[TestResult name=isDashboardPageDisplayed status=SUCCESS method=ExecuteDashboardPage.isDashboardPageDisplayed()[pri:0, instance:executeClass.ExecuteDashboardPage@53976f5c] output={null}]]]>
              </value>
            </param>
          </params>
          <reporter-output>
          </reporter-output>
        </test-method> <!-- afterMethod -->
        <test-method is-config="true" signature="beforeMethod(java.lang.String)[pri:0, instance:executeClass.ExecuteDashboardPage@53976f5c]" started-at="2022-05-19T13:01:54Z" name="beforeMethod" finished-at="2022-05-19T13:01:59Z" duration-ms="4678" status="PASS">
          <params>
            <param index="0">
              <value>
                <![CDATA[edge]]>
              </value>
            </param>
          </params>
          <reporter-output>
          </reporter-output>
        </test-method> <!-- beforeMethod -->
        <test-method signature="verifyTheLogut()[pri:1, instance:executeClass.ExecuteDashboardPage@53976f5c]" started-at="2022-05-19T13:01:59Z" name="verifyTheLogut" finished-at="2022-05-19T13:02:00Z" duration-ms="1457" status="PASS">
          <reporter-output>
          </reporter-output>
        </test-method> <!-- verifyTheLogut -->
        <test-method is-config="true" signature="afterMethod(org.testng.ITestResult)[pri:0, instance:executeClass.ExecuteDashboardPage@53976f5c]" started-at="2022-05-19T13:02:00Z" name="afterMethod" finished-at="2022-05-19T13:02:00Z" duration-ms="1" status="PASS">
          <params>
            <param index="0">
              <value>
                <![CDATA[[TestResult name=verifyTheLogut status=SUCCESS method=ExecuteDashboardPage.verifyTheLogut()[pri:1, instance:executeClass.ExecuteDashboardPage@53976f5c] output={null}]]]>
              </value>
            </param>
          </params>
          <reporter-output>
          </reporter-output>
        </test-method> <!-- afterMethod -->
      </class> <!-- executeClass.ExecuteDashboardPage -->
      <class name="executeClass.ExecuteManageOfferCodePage">
        <test-method is-config="true" signature="beforeMethod(java.lang.String)[pri:0, instance:executeClass.ExecuteManageOfferCodePage@41e1e210]" started-at="2022-05-19T13:01:39Z" name="beforeMethod" finished-at="2022-05-19T13:01:45Z" duration-ms="5761" status="PASS">
          <params>
            <param index="0">
              <value>
                <![CDATA[edge]]>
              </value>
            </param>
          </params>
          <reporter-output>
          </reporter-output>
        </test-method> <!-- beforeMethod -->
        <test-method signature="verifyTheMoreInfoIsClickableOrNotInManageOfferCode()[pri:0, instance:executeClass.ExecuteManageOfferCodePage@41e1e210]" started-at="2022-05-19T13:01:45Z" name="verifyTheMoreInfoIsClickableOrNotInManageOfferCode" finished-at="2022-05-19T13:01:47Z" duration-ms="2070" status="PASS">
          <reporter-output>
          </reporter-output>
        </test-method> <!-- verifyTheMoreInfoIsClickableOrNotInManageOfferCode -->
        <test-method is-config="true" signature="afterMethod(org.testng.ITestResult)[pri:0, instance:executeClass.ExecuteManageOfferCodePage@41e1e210]" started-at="2022-05-19T13:01:47Z" name="afterMethod" finished-at="2022-05-19T13:01:47Z" duration-ms="0" status="PASS">
          <params>
            <param index="0">
              <value>
                <![CDATA[[TestResult name=verifyTheMoreInfoIsClickableOrNotInManageOfferCode status=SUCCESS method=ExecuteManageOfferCodePage.verifyTheMoreInfoIsClickableOrNotInManageOfferCode()[pri:0, instance:executeClass.ExecuteManageOfferCodePage@41e1e210] output={null}]]]>
              </value>
            </param>
          </params>
          <reporter-output>
          </reporter-output>
        </test-method> <!-- afterMethod -->
        <test-method is-config="true" signature="beforeMethod(java.lang.String)[pri:0, instance:executeClass.ExecuteManageOfferCodePage@41e1e210]" started-at="2022-05-19T13:02:19Z" name="beforeMethod" finished-at="2022-05-19T13:02:26Z" duration-ms="6612" status="PASS">
          <params>
            <param index="0">
              <value>
                <![CDATA[edge]]>
              </value>
            </param>
          </params>
          <reporter-output>
          </reporter-output>
        </test-method> <!-- beforeMethod -->
        <test-method signature="isNewButtonEnable()[pri:1, instance:executeClass.ExecuteManageOfferCodePage@41e1e210]" started-at="2022-05-19T13:02:26Z" name="isNewButtonEnable" finished-at="2022-05-19T13:02:28Z" duration-ms="2303" status="PASS">
          <reporter-output>
          </reporter-output>
        </test-method> <!-- isNewButtonEnable -->
        <test-method is-config="true" signature="afterMethod(org.testng.ITestResult)[pri:0, instance:executeClass.ExecuteManageOfferCodePage@41e1e210]" started-at="2022-05-19T13:02:28Z" name="afterMethod" finished-at="2022-05-19T13:02:28Z" duration-ms="0" status="PASS">
          <params>
            <param index="0">
              <value>
                <![CDATA[[TestResult name=isNewButtonEnable status=SUCCESS method=ExecuteManageOfferCodePage.isNewButtonEnable()[pri:1, instance:executeClass.ExecuteManageOfferCodePage@41e1e210] output={null}]]]>
              </value>
            </param>
          </params>
          <reporter-output>
          </reporter-output>
        </test-method> <!-- afterMethod -->
        <test-method is-config="true" signature="beforeMethod(java.lang.String)[pri:0, instance:executeClass.ExecuteManageOfferCodePage@41e1e210]" started-at="2022-05-19T13:02:50Z" name="beforeMethod" finished-at="2022-05-19T13:02:56Z" duration-ms="6407" status="PASS">
          <params>
            <param index="0">
              <value>
                <![CDATA[edge]]>
              </value>
            </param>
          </params>
          <reporter-output>
          </reporter-output>
        </test-method> <!-- beforeMethod -->
        <test-method signature="isSearchButtonEnable()[pri:2, instance:executeClass.ExecuteManageOfferCodePage@41e1e210]" started-at="2022-05-19T13:02:56Z" name="isSearchButtonEnable" finished-at="2022-05-19T13:02:57Z" duration-ms="1236" status="PASS">
          <reporter-output>
          </reporter-output>
        </test-method> <!-- isSearchButtonEnable -->
        <test-method is-config="true" signature="afterMethod(org.testng.ITestResult)[pri:0, instance:executeClass.ExecuteManageOfferCodePage@41e1e210]" started-at="2022-05-19T13:02:57Z" name="afterMethod" finished-at="2022-05-19T13:02:57Z" duration-ms="0" status="PASS">
          <params>
            <param index="0">
              <value>
                <![CDATA[[TestResult name=isSearchButtonEnable status=SUCCESS method=ExecuteManageOfferCodePage.isSearchButtonEnable()[pri:2, instance:executeClass.ExecuteManageOfferCodePage@41e1e210] output={null}]]]>
              </value>
            </param>
          </params>
          <reporter-output>
          </reporter-output>
        </test-method> <!-- afterMethod -->
        <test-method is-config="true" signature="beforeMethod(java.lang.String)[pri:0, instance:executeClass.ExecuteManageOfferCodePage@41e1e210]" started-at="2022-05-19T13:03:15Z" name="beforeMethod" finished-at="2022-05-19T13:03:20Z" duration-ms="4634" status="PASS">
          <params>
            <param index="0">
              <value>
                <![CDATA[edge]]>
              </value>
            </param>
          </params>
          <reporter-output>
          </reporter-output>
        </test-method> <!-- beforeMethod -->
        <test-method signature="VerifyTheManageProductToHomePage()[pri:3, instance:executeClass.ExecuteManageOfferCodePage@41e1e210]" started-at="2022-05-19T13:03:20Z" name="VerifyTheManageProductToHomePage" finished-at="2022-05-19T13:03:21Z" duration-ms="1744" status="PASS">
          <reporter-output>
          </reporter-output>
        </test-method> <!-- VerifyTheManageProductToHomePage -->
        <test-method is-config="true" signature="afterMethod(org.testng.ITestResult)[pri:0, instance:executeClass.ExecuteManageOfferCodePage@41e1e210]" started-at="2022-05-19T13:03:21Z" name="afterMethod" finished-at="2022-05-19T13:03:21Z" duration-ms="0" status="PASS">
          <params>
            <param index="0">
              <value>
                <![CDATA[[TestResult name=VerifyTheManageProductToHomePage status=SUCCESS method=ExecuteManageOfferCodePage.VerifyTheManageProductToHomePage()[pri:3, instance:executeClass.ExecuteManageOfferCodePage@41e1e210] output={null}]]]>
              </value>
            </param>
          </params>
          <reporter-output>
          </reporter-output>
        </test-method> <!-- afterMethod -->
      </class> <!-- executeClass.ExecuteManageOfferCodePage -->
      <class name="executeClass.ExecuteCategoryPage">
        <test-method is-config="true" signature="beforeMethod(java.lang.String)[pri:0, instance:executeClass.ExecuteCategoryPage@2f8dad04]" started-at="2022-05-19T13:01:26Z" name="beforeMethod" finished-at="2022-05-19T13:01:31Z" duration-ms="4919" status="PASS">
          <params>
            <param index="0">
              <value>
                <![CDATA[edge]]>
              </value>
            </param>
          </params>
          <reporter-output>
          </reporter-output>
        </test-method> <!-- beforeMethod -->
        <test-method signature="verifyTheMoreInfoIsClickableOrNotInCategoryPageList()[pri:0, instance:executeClass.ExecuteCategoryPage@2f8dad04]" started-at="2022-05-19T13:01:31Z" name="verifyTheMoreInfoIsClickableOrNotInCategoryPageList" finished-at="2022-05-19T13:01:32Z" duration-ms="1160" status="PASS">
          <reporter-output>
          </reporter-output>
        </test-method> <!-- verifyTheMoreInfoIsClickableOrNotInCategoryPageList -->
        <test-method is-config="true" signature="afterMethod(org.testng.ITestResult)[pri:0, instance:executeClass.ExecuteCategoryPage@2f8dad04]" started-at="2022-05-19T13:01:32Z" name="afterMethod" finished-at="2022-05-19T13:01:32Z" duration-ms="1" status="PASS">
          <params>
            <param index="0">
              <value>
                <![CDATA[[TestResult name=verifyTheMoreInfoIsClickableOrNotInCategoryPageList status=SUCCESS method=ExecuteCategoryPage.verifyTheMoreInfoIsClickableOrNotInCategoryPageList()[pri:0, instance:executeClass.ExecuteCategoryPage@2f8dad04] output={null}]]]>
              </value>
            </param>
          </params>
          <reporter-output>
          </reporter-output>
        </test-method> <!-- afterMethod -->
        <test-method is-config="true" signature="beforeMethod(java.lang.String)[pri:0, instance:executeClass.ExecuteCategoryPage@2f8dad04]" started-at="2022-05-19T13:02:10Z" name="beforeMethod" finished-at="2022-05-19T13:02:16Z" duration-ms="5916" status="PASS">
          <params>
            <param index="0">
              <value>
                <![CDATA[edge]]>
              </value>
            </param>
          </params>
          <reporter-output>
          </reporter-output>
        </test-method> <!-- beforeMethod -->
        <test-method signature="isNewButtonEnable()[pri:1, instance:executeClass.ExecuteCategoryPage@2f8dad04]" started-at="2022-05-19T13:02:16Z" name="isNewButtonEnable" finished-at="2022-05-19T13:02:19Z" duration-ms="2990" status="PASS">
          <reporter-output>
          </reporter-output>
        </test-method> <!-- isNewButtonEnable -->
        <test-method is-config="true" signature="afterMethod(org.testng.ITestResult)[pri:0, instance:executeClass.ExecuteCategoryPage@2f8dad04]" started-at="2022-05-19T13:02:19Z" name="afterMethod" finished-at="2022-05-19T13:02:19Z" duration-ms="0" status="PASS">
          <params>
            <param index="0">
              <value>
                <![CDATA[[TestResult name=isNewButtonEnable status=SUCCESS method=ExecuteCategoryPage.isNewButtonEnable()[pri:1, instance:executeClass.ExecuteCategoryPage@2f8dad04] output={null}]]]>
              </value>
            </param>
          </params>
          <reporter-output>
          </reporter-output>
        </test-method> <!-- afterMethod -->
        <test-method is-config="true" signature="beforeMethod(java.lang.String)[pri:0, instance:executeClass.ExecuteCategoryPage@2f8dad04]" started-at="2022-05-19T13:02:43Z" name="beforeMethod" finished-at="2022-05-19T13:02:48Z" duration-ms="5157" status="PASS">
          <params>
            <param index="0">
              <value>
                <![CDATA[edge]]>
              </value>
            </param>
          </params>
          <reporter-output>
          </reporter-output>
        </test-method> <!-- beforeMethod -->
        <test-method signature="isSearchButtonEnable()[pri:2, instance:executeClass.ExecuteCategoryPage@2f8dad04]" started-at="2022-05-19T13:02:48Z" name="isSearchButtonEnable" finished-at="2022-05-19T13:02:50Z" duration-ms="1979" status="PASS">
          <reporter-output>
          </reporter-output>
        </test-method> <!-- isSearchButtonEnable -->
        <test-method is-config="true" signature="afterMethod(org.testng.ITestResult)[pri:0, instance:executeClass.ExecuteCategoryPage@2f8dad04]" started-at="2022-05-19T13:02:50Z" name="afterMethod" finished-at="2022-05-19T13:02:50Z" duration-ms="0" status="PASS">
          <params>
            <param index="0">
              <value>
                <![CDATA[[TestResult name=isSearchButtonEnable status=SUCCESS method=ExecuteCategoryPage.isSearchButtonEnable()[pri:2, instance:executeClass.ExecuteCategoryPage@2f8dad04] output={null}]]]>
              </value>
            </param>
          </params>
          <reporter-output>
          </reporter-output>
        </test-method> <!-- afterMethod -->
        <test-method is-config="true" signature="beforeMethod(java.lang.String)[pri:0, instance:executeClass.ExecuteCategoryPage@2f8dad04]" started-at="2022-05-19T13:03:10Z" name="beforeMethod" finished-at="2022-05-19T13:03:13Z" duration-ms="3441" status="PASS">
          <params>
            <param index="0">
              <value>
                <![CDATA[edge]]>
              </value>
            </param>
          </params>
          <reporter-output>
          </reporter-output>
        </test-method> <!-- beforeMethod -->
        <test-method signature="isSearchFunctionalityWorkingFineOrNot()[pri:3, instance:executeClass.ExecuteCategoryPage@2f8dad04]" started-at="2022-05-19T13:03:13Z" name="isSearchFunctionalityWorkingFineOrNot" finished-at="2022-05-19T13:03:15Z" duration-ms="1520" status="PASS">
          <reporter-output>
          </reporter-output>
        </test-method> <!-- isSearchFunctionalityWorkingFineOrNot -->
        <test-method is-config="true" signature="afterMethod(org.testng.ITestResult)[pri:0, instance:executeClass.ExecuteCategoryPage@2f8dad04]" started-at="2022-05-19T13:03:15Z" name="afterMethod" finished-at="2022-05-19T13:03:15Z" duration-ms="0" status="PASS">
          <params>
            <param index="0">
              <value>
                <![CDATA[[TestResult name=isSearchFunctionalityWorkingFineOrNot status=SUCCESS method=ExecuteCategoryPage.isSearchFunctionalityWorkingFineOrNot()[pri:3, instance:executeClass.ExecuteCategoryPage@2f8dad04] output={null}]]]>
              </value>
            </param>
          </params>
          <reporter-output>
          </reporter-output>
        </test-method> <!-- afterMethod -->
        <test-method is-config="true" signature="beforeMethod(java.lang.String)[pri:0, instance:executeClass.ExecuteCategoryPage@2f8dad04]" started-at="2022-05-19T13:03:21Z" name="beforeMethod" finished-at="2022-05-19T13:03:26Z" duration-ms="4711" status="PASS">
          <params>
            <param index="0">
              <value>
                <![CDATA[edge]]>
              </value>
            </param>
          </params>
          <reporter-output>
          </reporter-output>
        </test-method> <!-- beforeMethod -->
        <test-method signature="isSearchValueActiveEnable()[pri:4, instance:executeClass.ExecuteCategoryPage@2f8dad04]" started-at="2022-05-19T13:03:26Z" name="isSearchValueActiveEnable" finished-at="2022-05-19T13:03:28Z" duration-ms="1555" status="PASS">
          <reporter-output>
          </reporter-output>
        </test-method> <!-- isSearchValueActiveEnable -->
        <test-method is-config="true" signature="afterMethod(org.testng.ITestResult)[pri:0, instance:executeClass.ExecuteCategoryPage@2f8dad04]" started-at="2022-05-19T13:03:28Z" name="afterMethod" finished-at="2022-05-19T13:03:28Z" duration-ms="1" status="PASS">
          <params>
            <param index="0">
              <value>
                <![CDATA[[TestResult name=isSearchValueActiveEnable status=SUCCESS method=ExecuteCategoryPage.isSearchValueActiveEnable()[pri:4, instance:executeClass.ExecuteCategoryPage@2f8dad04] output={null}]]]>
              </value>
            </param>
          </params>
          <reporter-output>
          </reporter-output>
        </test-method> <!-- afterMethod -->
        <test-method is-config="true" signature="beforeMethod(java.lang.String)[pri:0, instance:executeClass.ExecuteCategoryPage@2f8dad04]" started-at="2022-05-19T13:03:28Z" name="beforeMethod" finished-at="2022-05-19T13:03:32Z" duration-ms="3997" status="PASS">
          <params>
            <param index="0">
              <value>
                <![CDATA[edge]]>
              </value>
            </param>
          </params>
          <reporter-output>
          </reporter-output>
        </test-method> <!-- beforeMethod -->
        <test-method signature="verifyTheCategoryToHomePage()[pri:5, instance:executeClass.ExecuteCategoryPage@2f8dad04]" started-at="2022-05-19T13:03:32Z" name="verifyTheCategoryToHomePage" finished-at="2022-05-19T13:03:33Z" duration-ms="1700" status="PASS">
          <reporter-output>
          </reporter-output>
        </test-method> <!-- verifyTheCategoryToHomePage -->
        <test-method is-config="true" signature="afterMethod(org.testng.ITestResult)[pri:0, instance:executeClass.ExecuteCategoryPage@2f8dad04]" started-at="2022-05-19T13:03:33Z" name="afterMethod" finished-at="2022-05-19T13:03:33Z" duration-ms="0" status="PASS">
          <params>
            <param index="0">
              <value>
                <![CDATA[[TestResult name=verifyTheCategoryToHomePage status=SUCCESS method=ExecuteCategoryPage.verifyTheCategoryToHomePage()[pri:5, instance:executeClass.ExecuteCategoryPage@2f8dad04] output={null}]]]>
              </value>
            </param>
          </params>
          <reporter-output>
          </reporter-output>
        </test-method> <!-- afterMethod -->
      </class> <!-- executeClass.ExecuteCategoryPage -->
    </test> <!-- Edge Browser Test -->
  </suite> <!-- Cross Browser Test Suite -->
</testng-results>
