<?xml version="1.0" encoding="UTF-8"?>
<testng-results ignored="3" total="4" passed="0" failed="1" skipped="0">
  <reporter-output>
  </reporter-output>
  <suite started-at="2022-05-17T10:24:19Z" name="Default suite" finished-at="2022-05-17T10:24:22Z" duration-ms="2977">
    <groups>
    </groups>
    <test started-at="2022-05-17T10:24:19Z" name="Default test" finished-at="2022-05-17T10:24:22Z" duration-ms="2977">
      <class name="executeClass.ExecuteLoginPage">
        <test-method is-config="true" signature="beforeMethod()[pri:0, instance:executeClass.ExecuteLoginPage@1fb669c3]" started-at="2022-05-17T10:24:19Z" name="beforeMethod" finished-at="2022-05-17T10:24:21Z" duration-ms="2351" status="PASS">
          <reporter-output>
          </reporter-output>
        </test-method> <!-- beforeMethod -->
        <test-method signature="verifyTheInvalidUserNameAndInvalidPassword()[pri:2, instance:executeClass.ExecuteLoginPage@1fb669c3]" started-at="2022-05-17T10:24:21Z" name="verifyTheInvalidUserNameAndInvalidPassword" finished-at="2022-05-17T10:24:22Z" duration-ms="436" status="FAIL">
          <exception class="java.lang.NullPointerException">
            <message>
              <![CDATA[Cannot invoke "org.apache.poi.ss.usermodel.Cell.getStringCellValue()" because "c" is null]]>
            </message>
            <full-stacktrace>
              <![CDATA[java.lang.NullPointerException: Cannot invoke "org.apache.poi.ss.usermodel.Cell.getStringCellValue()" because "c" is null
at utilities.ExcelReadClass.readStringData(ExcelReadClass.java:24)
at elementRepository.LoginPage.readUserName(LoginPage.java:52)
at executeClass.ExecuteLoginPage.verifyTheInvalidUserNameAndInvalidPassword(ExecuteLoginPage.java:44)
at java.base/jdk.internal.reflect.NativeMethodAccessorImpl.invoke0(Native Method)
at java.base/jdk.internal.reflect.NativeMethodAccessorImpl.invoke(NativeMethodAccessorImpl.java:77)
at java.base/jdk.internal.reflect.DelegatingMethodAccessorImpl.invoke(DelegatingMethodAccessorImpl.java:43)
at java.base/java.lang.reflect.Method.invoke(Method.java:568)
at org.testng.internal.MethodInvocationHelper.invokeMethod(MethodInvocationHelper.java:124)
at org.testng.internal.Invoker.invokeMethod(Invoker.java:583)
at org.testng.internal.Invoker.invokeTestMethod(Invoker.java:719)
at org.testng.internal.Invoker.invokeTestMethods(Invoker.java:989)
at org.testng.internal.TestMethodWorker.invokeTestMethods(TestMethodWorker.java:125)
at org.testng.internal.TestMethodWorker.run(TestMethodWorker.java:109)
at org.testng.TestRunner.privateRun(TestRunner.java:648)
at org.testng.TestRunner.run(TestRunner.java:505)
at org.testng.SuiteRunner.runTest(SuiteRunner.java:455)
at org.testng.SuiteRunner.runSequentially(SuiteRunner.java:450)
at org.testng.SuiteRunner.privateRun(SuiteRunner.java:415)
at org.testng.SuiteRunner.run(SuiteRunner.java:364)
at org.testng.SuiteRunnerWorker.runSuite(SuiteRunnerWorker.java:52)
at org.testng.SuiteRunnerWorker.run(SuiteRunnerWorker.java:84)
at org.testng.TestNG.runSuitesSequentially(TestNG.java:1208)
at org.testng.TestNG.runSuitesLocally(TestNG.java:1137)
at org.testng.TestNG.runSuites(TestNG.java:1049)
at org.testng.TestNG.run(TestNG.java:1017)
at org.testng.remote.AbstractRemoteTestNG.run(AbstractRemoteTestNG.java:115)
at org.testng.remote.RemoteTestNG.initAndRun(RemoteTestNG.java:251)
at org.testng.remote.RemoteTestNG.main(RemoteTestNG.java:77)
]]>
            </full-stacktrace>
          </exception> <!-- java.lang.NullPointerException -->
          <reporter-output>
          </reporter-output>
        </test-method> <!-- verifyTheInvalidUserNameAndInvalidPassword -->
        <test-method is-config="true" signature="afterMethod()[pri:0, instance:executeClass.ExecuteLoginPage@1fb669c3]" started-at="2022-05-17T10:24:22Z" name="afterMethod" finished-at="2022-05-17T10:24:22Z" duration-ms="165" status="PASS">
          <reporter-output>
          </reporter-output>
        </test-method> <!-- afterMethod -->
      </class> <!-- executeClass.ExecuteLoginPage -->
    </test> <!-- Default test -->
  </suite> <!-- Default suite -->
</testng-results>
